<?xml version="1.0" encoding="UTF-8"?>
<testng-results skipped="0" failed="0" total="2" passed="2">
  <reporter-output>
  </reporter-output>
  <suite name="Default suite" duration-ms="44" started-at="2019-01-27T18:07:00Z" finished-at="2019-01-27T18:07:00Z">
    <groups>
    </groups>
    <test name="Default test" duration-ms="44" started-at="2019-01-27T18:07:00Z" finished-at="2019-01-27T18:07:00Z">
      <class name="main.java.TestCases">
        <test-method status="PASS" signature="test1()[pri:0, instance:main.java.TestCases@3a82f6ef]" name="test1" duration-ms="15" started-at="2019-01-27T23:37:00Z" finished-at="2019-01-27T23:37:00Z">
          <reporter-output>
          </reporter-output>
        </test-method> <!-- test1 -->
        <test-method status="PASS" signature="test2()[pri:0, instance:main.java.TestCases@3a82f6ef]" name="test2" duration-ms="2" started-at="2019-01-27T23:37:00Z" finished-at="2019-01-27T23:37:00Z">
          <reporter-output>
          </reporter-output>
        </test-method> <!-- test2 -->
      </class> <!-- main.java.TestCases -->
    </test> <!-- Default test -->
  </suite> <!-- Default suite -->
</testng-results>
